mode: set
github.com/vlab-research/dinersclub/fake.go:14.42,16.2 1 1
github.com/vlab-research/dinersclub/fake.go:18.69,22.16 3 1
github.com/vlab-research/dinersclub/fake.go:26.2,27.28 2 1
github.com/vlab-research/dinersclub/fake.go:22.16,24.3 1 0
github.com/vlab-research/dinersclub/main.go:38.24,39.16 1 0
github.com/vlab-research/dinersclub/main.go:39.16,41.3 1 0
github.com/vlab-research/dinersclub/main.go:44.56,46.29 2 1
github.com/vlab-research/dinersclub/main.go:55.2,56.23 2 1
github.com/vlab-research/dinersclub/main.go:64.2,64.12 1 1
github.com/vlab-research/dinersclub/main.go:46.29,49.17 3 1
github.com/vlab-research/dinersclub/main.go:52.3,52.28 1 1
github.com/vlab-research/dinersclub/main.go:49.17,51.4 1 1
github.com/vlab-research/dinersclub/main.go:56.23,57.19 1 1
github.com/vlab-research/dinersclub/main.go:58.14,59.20 1 1
github.com/vlab-research/dinersclub/main.go:60.11,60.11 0 1
github.com/vlab-research/dinersclub/main.go:67.63,71.2 3 1
github.com/vlab-research/dinersclub/main.go:73.43,76.16 3 1
github.com/vlab-research/dinersclub/main.go:82.2,83.9 2 1
github.com/vlab-research/dinersclub/main.go:87.2,88.21 2 1
github.com/vlab-research/dinersclub/main.go:97.2,98.16 2 1
github.com/vlab-research/dinersclub/main.go:102.2,104.16 3 1
github.com/vlab-research/dinersclub/main.go:108.2,108.20 1 1
github.com/vlab-research/dinersclub/main.go:113.2,113.62 1 1
github.com/vlab-research/dinersclub/main.go:76.16,80.3 1 1
github.com/vlab-research/dinersclub/main.go:83.9,85.3 1 1
github.com/vlab-research/dinersclub/main.go:88.21,90.15 2 1
github.com/vlab-research/dinersclub/main.go:93.3,94.13 2 1
github.com/vlab-research/dinersclub/main.go:90.15,92.4 1 1
github.com/vlab-research/dinersclub/main.go:98.16,100.3 1 1
github.com/vlab-research/dinersclub/main.go:104.16,106.3 1 0
github.com/vlab-research/dinersclub/main.go:108.20,111.3 2 1
github.com/vlab-research/dinersclub/main.go:116.47,119.2 2 1
github.com/vlab-research/dinersclub/main.go:121.47,122.22 1 1
github.com/vlab-research/dinersclub/main.go:127.2,127.14 1 1
github.com/vlab-research/dinersclub/main.go:122.22,123.18 1 1
github.com/vlab-research/dinersclub/main.go:123.18,125.4 1 1
github.com/vlab-research/dinersclub/main.go:132.61,139.31 3 1
github.com/vlab-research/dinersclub/main.go:149.2,149.23 1 1
github.com/vlab-research/dinersclub/main.go:139.31,140.36 1 1
github.com/vlab-research/dinersclub/main.go:140.36,142.18 2 1
github.com/vlab-research/dinersclub/main.go:145.4,145.23 1 1
github.com/vlab-research/dinersclub/main.go:142.18,144.5 1 0
github.com/vlab-research/dinersclub/main.go:152.33,155.2 2 0
github.com/vlab-research/dinersclub/main.go:157.13,174.6 11 0
github.com/vlab-research/dinersclub/main.go:174.6,176.3 1 0
github.com/vlab-research/dinersclub/provider.go:10.53,13.16 3 1
github.com/vlab-research/dinersclub/provider.go:16.2,17.12 2 1
github.com/vlab-research/dinersclub/provider.go:13.16,15.3 1 0
github.com/vlab-research/dinersclub/provider.go:34.39,36.2 1 0
github.com/vlab-research/dinersclub/reloadly.go:23.46,26.16 3 0
github.com/vlab-research/dinersclub/reloadly.go:30.2,31.17 2 0
github.com/vlab-research/dinersclub/reloadly.go:35.2,36.16 2 0
github.com/vlab-research/dinersclub/reloadly.go:40.2,41.16 2 0
github.com/vlab-research/dinersclub/reloadly.go:26.16,28.3 1 0
github.com/vlab-research/dinersclub/reloadly.go:31.17,33.3 1 0
github.com/vlab-research/dinersclub/reloadly.go:36.16,38.3 1 0
github.com/vlab-research/dinersclub/reloadly.go:44.67,46.42 2 1
github.com/vlab-research/dinersclub/reloadly.go:50.2,50.47 1 1
github.com/vlab-research/dinersclub/reloadly.go:54.2,54.51 1 1
github.com/vlab-research/dinersclub/reloadly.go:61.2,61.17 1 0
github.com/vlab-research/dinersclub/reloadly.go:46.42,49.3 2 1
github.com/vlab-research/dinersclub/reloadly.go:50.47,53.3 2 0
github.com/vlab-research/dinersclub/reloadly.go:54.51,57.3 2 1
github.com/vlab-research/dinersclub/reloadly.go:64.73,67.16 3 1
github.com/vlab-research/dinersclub/reloadly.go:71.2,75.16 4 1
github.com/vlab-research/dinersclub/reloadly.go:79.2,85.16 5 1
github.com/vlab-research/dinersclub/reloadly.go:89.2,91.20 3 1
github.com/vlab-research/dinersclub/reloadly.go:67.16,69.3 1 0
github.com/vlab-research/dinersclub/reloadly.go:75.16,77.3 1 1
github.com/vlab-research/dinersclub/reloadly.go:85.16,87.3 1 1
github.com/vlab-research/dinersclub/test_helpers.go:15.77,17.2 1 1
github.com/vlab-research/dinersclub/test_helpers.go:19.70,20.56 1 1
github.com/vlab-research/dinersclub/test_helpers.go:31.2,31.51 1 1
github.com/vlab-research/dinersclub/test_helpers.go:20.56,21.17 1 1
github.com/vlab-research/dinersclub/test_helpers.go:24.3,28.18 2 1
github.com/vlab-research/dinersclub/test_helpers.go:21.17,23.4 1 0
github.com/vlab-research/dinersclub/test_helpers.go:34.51,36.25 2 1
github.com/vlab-research/dinersclub/test_helpers.go:42.2,42.13 1 1
github.com/vlab-research/dinersclub/test_helpers.go:36.25,40.3 3 1
github.com/vlab-research/dinersclub/test_helpers.go:49.71,52.2 2 1
